
> new-task@0.1.0 build
> next build

Attention: Next.js now collects completely anonymous telemetry regarding usage.
This information is used to shape Next.js' roadmap and prioritize features.
You can learn more, including how to opt-out if you'd not like to participate in this anonymous program, by visiting the following URL:
https://nextjs.org/telemetry

▲ Next.js 16.2.1 (Turbopack)

  Creating an optimized production build ...
Error: Cannot apply unknown utility class `border-border`
    [2m[at onInvalidCandidate (D:\new-task\node_modules\tailwindcss\dist\lib.js:21:1511)][0m
    [2m[at Ee (D:\new-task\node_modules\tailwindcss\dist\lib.js:16:37066)][0m
    [2m[at D:\new-task\node_modules\tailwindcss\dist\lib.js:21:355][0m
    [2m[at _r (D:\new-task\node_modules\tailwindcss\dist\lib.js:3:1733)][0m
    [2m[at I (D:\new-task\node_modules\tailwindcss\dist\lib.js:3:1377)][0m
    [2m[at Te (D:\new-task\node_modules\tailwindcss\dist\lib.js:21:172)][0m
    [2m[at mn (D:\new-task\node_modules\tailwindcss\dist\lib.js:38:294)][0m
    [2m[at async gn (D:\new-task\node_modules\tailwindcss\dist\lib.js:38:631)][0m
    [2m[at async Xr (D:\new-task\node_modules\@tailwindcss\node\dist\index.js:10:3416)][0m
    [2m[at async N (D:\new-task\node_modules\@tailwindcss\postcss\dist\index.js:10:3979)][0m

> Build error occurred
Error: Turbopack build failed with 1 errors:
./src/app/globals.css
Error evaluating Node.js code
CssSyntaxError: tailwindcss: D:\new-task\src\app\globals.css:1:1: Cannot apply unknown utility class `border-border`
    at Input.error (node_modules/postcss/lib/input.js:135:16) [D:\new-task\.next\build\chunks\node_modules_13sb.px._.js:4651:22]
    at error (node_modules/postcss/lib/node.js:146:32) [D:\new-task\.next\build\chunks\node_modules_13sb.px._.js:928:38]
    [at Object.Once (D:\new-task\node_modules\@tailwindcss\postcss\dist\index.js:10:6913)]
    at async LazyResult.runAsync (node_modules/postcss/lib/lazy-result.js:293:11) [D:\new-task\.next\build\chunks\node_modules_13sb.px._.js:6214:21]
    at async transform (turbopack:///[turbopack-node]/transforms/postcss.ts:70:34) [D:\new-task\.next\build\chunks\[root-of-the-server]__0d-m0h0._.js:146:36]
    at async run (turbopack:///[turbopack-node]/child_process/evaluate.ts:89:23) [D:\new-task\.next\build\chunks\[root-of-the-server]__0ubbtyl._.js:443:31]

Import trace:
  Client Component Browser:
    ./src/app/globals.css [Client Component Browser]
    ./src/app/layout.tsx [Server Component]


    at async transform (turbopack:///[turbopack-node]/transforms/postcss.ts:70:34) [D:\new-task\.next\build\chunks\[root-of-the-server]__0d-m0h0._.js:146:36])
    at async run (turbopack:///[turbopack-node]/child_process/evaluate.ts:89:23) [D:\new-task\.next\build\chunks\[root-of-the-server]__0ubbtyl._.js:443:31])
